/home/dylan/repos/second_test_robotic/install/dqn_robot_nav/lib/python3.10/site-packages/dqn_robot_nav/__init__.py
/home/dylan/repos/second_test_robotic/install/dqn_robot_nav/lib/python3.10/site-packages/dqn_robot_nav/state_processor.py
/home/dylan/repos/second_test_robotic/install/dqn_robot_nav/lib/python3.10/site-packages/dqn_robot_nav/environment.py
/home/dylan/repos/second_test_robotic/install/dqn_robot_nav/lib/python3.10/site-packages/dqn_robot_nav/test_node.py
/home/dylan/repos/second_test_robotic/install/dqn_robot_nav/lib/python3.10/site-packages/dqn_robot_nav/dqn_agent.py
/home/dylan/repos/second_test_robotic/install/dqn_robot_nav/lib/python3.10/site-packages/dqn_robot_nav/train_node.py
/home/dylan/repos/second_test_robotic/install/dqn_robot_nav/lib/python3.10/site-packages/dqn_robot_nav/__pycache__/__init__.cpython-310.pyc
/home/dylan/repos/second_test_robotic/install/dqn_robot_nav/lib/python3.10/site-packages/dqn_robot_nav/__pycache__/state_processor.cpython-310.pyc
/home/dylan/repos/second_test_robotic/install/dqn_robot_nav/lib/python3.10/site-packages/dqn_robot_nav/__pycache__/environment.cpython-310.pyc
/home/dylan/repos/second_test_robotic/install/dqn_robot_nav/lib/python3.10/site-packages/dqn_robot_nav/__pycache__/test_node.cpython-310.pyc
/home/dylan/repos/second_test_robotic/install/dqn_robot_nav/lib/python3.10/site-packages/dqn_robot_nav/__pycache__/dqn_agent.cpython-310.pyc
/home/dylan/repos/second_test_robotic/install/dqn_robot_nav/lib/python3.10/site-packages/dqn_robot_nav/__pycache__/train_node.cpython-310.pyc
/home/dylan/repos/second_test_robotic/install/dqn_robot_nav/share/ament_index/resource_index/packages/dqn_robot_nav
/home/dylan/repos/second_test_robotic/install/dqn_robot_nav/share/dqn_robot_nav/package.xml
/home/dylan/repos/second_test_robotic/install/dqn_robot_nav/lib/python3.10/site-packages/dqn_robot_nav-0.0.0-py3.10.egg-info/requires.txt
/home/dylan/repos/second_test_robotic/install/dqn_robot_nav/lib/python3.10/site-packages/dqn_robot_nav-0.0.0-py3.10.egg-info/dependency_links.txt
/home/dylan/repos/second_test_robotic/install/dqn_robot_nav/lib/python3.10/site-packages/dqn_robot_nav-0.0.0-py3.10.egg-info/PKG-INFO
/home/dylan/repos/second_test_robotic/install/dqn_robot_nav/lib/python3.10/site-packages/dqn_robot_nav-0.0.0-py3.10.egg-info/top_level.txt
/home/dylan/repos/second_test_robotic/install/dqn_robot_nav/lib/python3.10/site-packages/dqn_robot_nav-0.0.0-py3.10.egg-info/zip-safe
/home/dylan/repos/second_test_robotic/install/dqn_robot_nav/lib/python3.10/site-packages/dqn_robot_nav-0.0.0-py3.10.egg-info/entry_points.txt
/home/dylan/repos/second_test_robotic/install/dqn_robot_nav/lib/python3.10/site-packages/dqn_robot_nav-0.0.0-py3.10.egg-info/SOURCES.txt
/home/dylan/repos/second_test_robotic/install/dqn_robot_nav/lib/dqn_robot_nav/test_node
/home/dylan/repos/second_test_robotic/install/dqn_robot_nav/lib/dqn_robot_nav/train_node
