[0.414s] Invoking command in '/home/dylan/repos/second_test_robotic/src/dqn_robot_nav': PYTHONPATH=/home/dylan/repos/second_test_robotic/build/dqn_robot_nav/prefix_override:/usr/lib/python3/dist-packages/colcon_core/task/python/colcon_distutils_commands:/home/dylan/repos/second_test_robotic/install/dqn_robot_nav/lib/python3.10/site-packages:${PYTHONPATH} /usr/bin/python3 -W ignore:setup.py install is deprecated -W ignore:easy_install command is deprecated setup.py egg_info --egg-base ../../build/dqn_robot_nav build --build-base /home/dylan/repos/second_test_robotic/build/dqn_robot_nav/build install --record /home/dylan/repos/second_test_robotic/build/dqn_robot_nav/install.log --single-version-externally-managed install_data
[0.571s] running egg_info
[0.572s] writing ../../build/dqn_robot_nav/dqn_robot_nav.egg-info/PKG-INFO
[0.572s] writing dependency_links to ../../build/dqn_robot_nav/dqn_robot_nav.egg-info/dependency_links.txt
[0.572s] writing entry points to ../../build/dqn_robot_nav/dqn_robot_nav.egg-info/entry_points.txt
[0.572s] writing requirements to ../../build/dqn_robot_nav/dqn_robot_nav.egg-info/requires.txt
[0.572s] writing top-level names to ../../build/dqn_robot_nav/dqn_robot_nav.egg-info/top_level.txt
[0.573s] reading manifest file '../../build/dqn_robot_nav/dqn_robot_nav.egg-info/SOURCES.txt'
[0.574s] writing manifest file '../../build/dqn_robot_nav/dqn_robot_nav.egg-info/SOURCES.txt'
[0.574s] running build
[0.574s] running build_py
[0.574s] running install
[0.574s] running install_lib
[0.575s] running install_data
[0.575s] running install_egg_info
[0.576s] removing '/home/dylan/repos/second_test_robotic/install/dqn_robot_nav/lib/python3.10/site-packages/dqn_robot_nav-0.0.0-py3.10.egg-info' (and everything under it)
[0.576s] Copying ../../build/dqn_robot_nav/dqn_robot_nav.egg-info to /home/dylan/repos/second_test_robotic/install/dqn_robot_nav/lib/python3.10/site-packages/dqn_robot_nav-0.0.0-py3.10.egg-info
[0.577s] running install_scripts
[0.590s] Installing test_node script to /home/dylan/repos/second_test_robotic/install/dqn_robot_nav/lib/dqn_robot_nav
[0.590s] Installing train_node script to /home/dylan/repos/second_test_robotic/install/dqn_robot_nav/lib/dqn_robot_nav
[0.591s] writing list of installed files to '/home/dylan/repos/second_test_robotic/build/dqn_robot_nav/install.log'
[0.606s] Invoked command in '/home/dylan/repos/second_test_robotic/src/dqn_robot_nav' returned '0': PYTHONPATH=/home/dylan/repos/second_test_robotic/build/dqn_robot_nav/prefix_override:/usr/lib/python3/dist-packages/colcon_core/task/python/colcon_distutils_commands:/home/dylan/repos/second_test_robotic/install/dqn_robot_nav/lib/python3.10/site-packages:${PYTHONPATH} /usr/bin/python3 -W ignore:setup.py install is deprecated -W ignore:easy_install command is deprecated setup.py egg_info --egg-base ../../build/dqn_robot_nav build --build-base /home/dylan/repos/second_test_robotic/build/dqn_robot_nav/build install --record /home/dylan/repos/second_test_robotic/build/dqn_robot_nav/install.log --single-version-externally-managed install_data
