running egg_info
writing ../../build/dqn_robot_nav/dqn_robot_nav.egg-info/PKG-INFO
writing dependency_links to ../../build/dqn_robot_nav/dqn_robot_nav.egg-info/dependency_links.txt
writing entry points to ../../build/dqn_robot_nav/dqn_robot_nav.egg-info/entry_points.txt
writing requirements to ../../build/dqn_robot_nav/dqn_robot_nav.egg-info/requires.txt
writing top-level names to ../../build/dqn_robot_nav/dqn_robot_nav.egg-info/top_level.txt
reading manifest file '../../build/dqn_robot_nav/dqn_robot_nav.egg-info/SOURCES.txt'
writing manifest file '../../build/dqn_robot_nav/dqn_robot_nav.egg-info/SOURCES.txt'
running build
running build_py
copying dqn_robot_nav/environment.py -> /home/dylan/repos/second_test_robotic/build/dqn_robot_nav/build/lib/dqn_robot_nav
copying dqn_robot_nav/test_node.py -> /home/dylan/repos/second_test_robotic/build/dqn_robot_nav/build/lib/dqn_robot_nav
copying dqn_robot_nav/dqn_agent.py -> /home/dylan/repos/second_test_robotic/build/dqn_robot_nav/build/lib/dqn_robot_nav
running install
running install_lib
copying /home/dylan/repos/second_test_robotic/build/dqn_robot_nav/build/lib/dqn_robot_nav/environment.py -> /home/dylan/repos/second_test_robotic/install/dqn_robot_nav/lib/python3.10/site-packages/dqn_robot_nav
copying /home/dylan/repos/second_test_robotic/build/dqn_robot_nav/build/lib/dqn_robot_nav/test_node.py -> /home/dylan/repos/second_test_robotic/install/dqn_robot_nav/lib/python3.10/site-packages/dqn_robot_nav
copying /home/dylan/repos/second_test_robotic/build/dqn_robot_nav/build/lib/dqn_robot_nav/dqn_agent.py -> /home/dylan/repos/second_test_robotic/install/dqn_robot_nav/lib/python3.10/site-packages/dqn_robot_nav
byte-compiling /home/dylan/repos/second_test_robotic/install/dqn_robot_nav/lib/python3.10/site-packages/dqn_robot_nav/environment.py to environment.cpython-310.pyc
byte-compiling /home/dylan/repos/second_test_robotic/install/dqn_robot_nav/lib/python3.10/site-packages/dqn_robot_nav/test_node.py to test_node.cpython-310.pyc
byte-compiling /home/dylan/repos/second_test_robotic/install/dqn_robot_nav/lib/python3.10/site-packages/dqn_robot_nav/dqn_agent.py to dqn_agent.cpython-310.pyc
running install_data
running install_egg_info
removing '/home/dylan/repos/second_test_robotic/install/dqn_robot_nav/lib/python3.10/site-packages/dqn_robot_nav-0.0.0-py3.10.egg-info' (and everything under it)
Copying ../../build/dqn_robot_nav/dqn_robot_nav.egg-info to /home/dylan/repos/second_test_robotic/install/dqn_robot_nav/lib/python3.10/site-packages/dqn_robot_nav-0.0.0-py3.10.egg-info
running install_scripts
Installing test_node script to /home/dylan/repos/second_test_robotic/install/dqn_robot_nav/lib/dqn_robot_nav
Installing train_node script to /home/dylan/repos/second_test_robotic/install/dqn_robot_nav/lib/dqn_robot_nav
writing list of installed files to '/home/dylan/repos/second_test_robotic/build/dqn_robot_nav/install.log'
