[0.416s] Invoking command in '/home/dylan/repos/second_test_robotic/src/dqn_robot_nav': PYTHONPATH=/home/dylan/repos/second_test_robotic/build/dqn_robot_nav/prefix_override:/usr/lib/python3/dist-packages/colcon_core/task/python/colcon_distutils_commands:/home/dylan/repos/second_test_robotic/install/dqn_robot_nav/lib/python3.10/site-packages:${PYTHONPATH} /usr/bin/python3 -W ignore:setup.py install is deprecated -W ignore:easy_install command is deprecated setup.py egg_info --egg-base ../../build/dqn_robot_nav build --build-base /home/dylan/repos/second_test_robotic/build/dqn_robot_nav/build install --record /home/dylan/repos/second_test_robotic/build/dqn_robot_nav/install.log --single-version-externally-managed install_data
[0.574s] running egg_info
[0.575s] writing ../../build/dqn_robot_nav/dqn_robot_nav.egg-info/PKG-INFO
[0.575s] writing dependency_links to ../../build/dqn_robot_nav/dqn_robot_nav.egg-info/dependency_links.txt
[0.575s] writing entry points to ../../build/dqn_robot_nav/dqn_robot_nav.egg-info/entry_points.txt
[0.575s] writing requirements to ../../build/dqn_robot_nav/dqn_robot_nav.egg-info/requires.txt
[0.575s] writing top-level names to ../../build/dqn_robot_nav/dqn_robot_nav.egg-info/top_level.txt
[0.576s] reading manifest file '../../build/dqn_robot_nav/dqn_robot_nav.egg-info/SOURCES.txt'
[0.577s] writing manifest file '../../build/dqn_robot_nav/dqn_robot_nav.egg-info/SOURCES.txt'
[0.577s] running build
[0.577s] running build_py
[0.577s] copying dqn_robot_nav/environment.py -> /home/dylan/repos/second_test_robotic/build/dqn_robot_nav/build/lib/dqn_robot_nav
[0.577s] copying dqn_robot_nav/test_node.py -> /home/dylan/repos/second_test_robotic/build/dqn_robot_nav/build/lib/dqn_robot_nav
[0.577s] copying dqn_robot_nav/dqn_agent.py -> /home/dylan/repos/second_test_robotic/build/dqn_robot_nav/build/lib/dqn_robot_nav
[0.577s] running install
[0.578s] running install_lib
[0.578s] copying /home/dylan/repos/second_test_robotic/build/dqn_robot_nav/build/lib/dqn_robot_nav/environment.py -> /home/dylan/repos/second_test_robotic/install/dqn_robot_nav/lib/python3.10/site-packages/dqn_robot_nav
[0.578s] copying /home/dylan/repos/second_test_robotic/build/dqn_robot_nav/build/lib/dqn_robot_nav/test_node.py -> /home/dylan/repos/second_test_robotic/install/dqn_robot_nav/lib/python3.10/site-packages/dqn_robot_nav
[0.578s] copying /home/dylan/repos/second_test_robotic/build/dqn_robot_nav/build/lib/dqn_robot_nav/dqn_agent.py -> /home/dylan/repos/second_test_robotic/install/dqn_robot_nav/lib/python3.10/site-packages/dqn_robot_nav
[0.579s] byte-compiling /home/dylan/repos/second_test_robotic/install/dqn_robot_nav/lib/python3.10/site-packages/dqn_robot_nav/environment.py to environment.cpython-310.pyc
[0.580s] byte-compiling /home/dylan/repos/second_test_robotic/install/dqn_robot_nav/lib/python3.10/site-packages/dqn_robot_nav/test_node.py to test_node.cpython-310.pyc
[0.580s] byte-compiling /home/dylan/repos/second_test_robotic/install/dqn_robot_nav/lib/python3.10/site-packages/dqn_robot_nav/dqn_agent.py to dqn_agent.cpython-310.pyc
[0.581s] running install_data
[0.581s] running install_egg_info
[0.582s] removing '/home/dylan/repos/second_test_robotic/install/dqn_robot_nav/lib/python3.10/site-packages/dqn_robot_nav-0.0.0-py3.10.egg-info' (and everything under it)
[0.582s] Copying ../../build/dqn_robot_nav/dqn_robot_nav.egg-info to /home/dylan/repos/second_test_robotic/install/dqn_robot_nav/lib/python3.10/site-packages/dqn_robot_nav-0.0.0-py3.10.egg-info
[0.583s] running install_scripts
[0.597s] Installing test_node script to /home/dylan/repos/second_test_robotic/install/dqn_robot_nav/lib/dqn_robot_nav
[0.597s] Installing train_node script to /home/dylan/repos/second_test_robotic/install/dqn_robot_nav/lib/dqn_robot_nav
[0.597s] writing list of installed files to '/home/dylan/repos/second_test_robotic/build/dqn_robot_nav/install.log'
[0.614s] Invoked command in '/home/dylan/repos/second_test_robotic/src/dqn_robot_nav' returned '0': PYTHONPATH=/home/dylan/repos/second_test_robotic/build/dqn_robot_nav/prefix_override:/usr/lib/python3/dist-packages/colcon_core/task/python/colcon_distutils_commands:/home/dylan/repos/second_test_robotic/install/dqn_robot_nav/lib/python3.10/site-packages:${PYTHONPATH} /usr/bin/python3 -W ignore:setup.py install is deprecated -W ignore:easy_install command is deprecated setup.py egg_info --egg-base ../../build/dqn_robot_nav build --build-base /home/dylan/repos/second_test_robotic/build/dqn_robot_nav/build install --record /home/dylan/repos/second_test_robotic/build/dqn_robot_nav/install.log --single-version-externally-managed install_data
